2024-01-16 18:39:06,609 - INFO - [file1] Excel file '1402-10-01.xlsx' saved to 'stage\1402-10-01.xlsx' successfully.
2024-01-16 18:39:08,059 - INFO - [file1] Excel file '1402-10-02.xlsx' saved to 'stage\1402-10-02.xlsx' successfully.
2024-01-16 18:39:09,428 - INFO - [file1] Excel file '1402-10-03.xlsx' saved to 'stage\1402-10-03.xlsx' successfully.
2024-01-16 18:39:11,383 - INFO - [file1] Excel file '1402-10-04.xlsx' saved to 'stage\1402-10-04.xlsx' successfully.
2024-01-16 18:39:12,665 - INFO - [file1] Excel file '1402-10-05.xlsx' saved to 'stage\1402-10-05.xlsx' successfully.
2024-01-16 18:39:13,938 - INFO - [file1] Excel file '1402-10-06.xlsx' saved to 'stage\1402-10-06.xlsx' successfully.
2024-01-16 18:39:14,229 - INFO - [file1] Excel file '1402-10-07.xlsx' saved to 'stage\1402-10-07.xlsx' successfully.
2024-01-16 18:39:14,645 - INFO - [file1] Excel file '1402-10-08.xlsx' saved to 'stage\1402-10-08.xlsx' successfully.
2024-01-16 18:39:15,742 - INFO - [file1] Excel file '1402-10-09.xlsx' saved to 'stage\1402-10-09.xlsx' successfully.
2024-01-16 18:39:17,226 - INFO - [file1] Excel file '1402-10-10.xlsx' saved to 'stage\1402-10-10.xlsx' successfully.
2024-01-16 18:39:33,565 - INFO - CSV file '1402-10-02.csv' saved successfully.
2024-01-16 18:39:33,908 - INFO - CSV file '1402-10-03.csv' saved successfully.
2024-01-16 18:39:34,306 - INFO - CSV file '1402-10-04.csv' saved successfully.
2024-01-16 18:39:34,667 - INFO - CSV file '1402-10-05.csv' saved successfully.
2024-01-16 18:39:34,992 - INFO - CSV file '1402-10-06.csv' saved successfully.
2024-01-16 18:39:35,394 - INFO - CSV file '1402-10-09.csv' saved successfully.
2024-01-16 18:39:35,831 - INFO - CSV file '1402-10-10.csv' saved successfully.
2024-01-16 18:53:10,132 - INFO - First few rows of the DataFrame:
       نماد                            نام  تعداد         حجم           ارزش  ...  قیمت پایانی - مقدار  قیمت پایانی - تغییر  قیمت پایانی - درصد   کمترین  بیشترین
0        دي                        بانك دي  21905  1658090827  1770778820644  ...                 1068                   68                6.80     1057     1119
1    كروميت    توسعه معادن كروميت كاوندگان  17801    76610745   996189539570  ...                13000                  450                3.59    12500    13170
2      اهرم   صندوق س سهامي كاريزما- اهرمي  11348   120413172  2616918044630  ...                21730                  100                0.46    21450    21950
3  دارا يكم  صندوق واسطه گري مالي يكم-سهام   9405     7645507  1367886108350  ...               178910                 1810                1.02   176160   180850
4   تسه1402     امتيازتسهيلات مسكن سال1402   9207      579747   681234700824  ...              1175055                -2882               -0.24  1145000  1200000

[5 rows x 15 columns]
2024-01-16 18:53:10,142 - INFO - Top 10 symbols based on 'ارزش' saved to: data\top-symbols-values-value-1402-10-02.csv
2024-01-16 18:53:10,174 - INFO - First few rows of the DataFrame:
       نماد                            نام  تعداد         حجم           ارزش  ...  قیمت پایانی - مقدار  قیمت پایانی - تغییر  قیمت پایانی - درصد   کمترین  بیشترین
0        دي                        بانك دي  21905  1658090827  1770778820644  ...                 1068                   68                6.80     1057     1119
1    كروميت    توسعه معادن كروميت كاوندگان  17801    76610745   996189539570  ...                13000                  450                3.59    12500    13170
2      اهرم   صندوق س سهامي كاريزما- اهرمي  11348   120413172  2616918044630  ...                21730                  100                0.46    21450    21950
3  دارا يكم  صندوق واسطه گري مالي يكم-سهام   9405     7645507  1367886108350  ...               178910                 1810                1.02   176160   180850
4   تسه1402     امتيازتسهيلات مسكن سال1402   9207      579747   681234700824  ...              1175055                -2882               -0.24  1145000  1200000

[5 rows x 15 columns]
2024-01-16 18:53:10,178 - INFO - Top 10 symbols based on 'بیشترین' saved to: data\top-symbols-max-most-1402-10-02.csv
2024-01-16 18:53:10,195 - INFO - First few rows of the DataFrame:
       نماد                            نام  تعداد         حجم           ارزش  ...  قیمت پایانی - مقدار  قیمت پایانی - تغییر  قیمت پایانی - درصد   کمترین  بیشترین
0        دي                        بانك دي  21905  1658090827  1770778820644  ...                 1068                   68                6.80     1057     1119
1    كروميت    توسعه معادن كروميت كاوندگان  17801    76610745   996189539570  ...                13000                  450                3.59    12500    13170
2      اهرم   صندوق س سهامي كاريزما- اهرمي  11348   120413172  2616918044630  ...                21730                  100                0.46    21450    21950
3  دارا يكم  صندوق واسطه گري مالي يكم-سهام   9405     7645507  1367886108350  ...               178910                 1810                1.02   176160   180850
4   تسه1402     امتيازتسهيلات مسكن سال1402   9207      579747   681234700824  ...              1175055                -2882               -0.24  1145000  1200000

[5 rows x 15 columns]
2024-01-16 18:53:10,200 - INFO - Top 10 symbols based on 'تعداد' saved to: data\top-symbols-quantity-number-1402-10-02.csv
2024-01-16 18:53:10,221 - INFO - First few rows of the DataFrame:
      نماد                           نام  تعداد        حجم           ارزش  ...  قیمت پایانی - مقدار  قیمت پایانی - تغییر  قیمت پایانی - درصد   کمترین  بیشترین
0   كروميت   توسعه معادن كروميت كاوندگان  21804   48162726   598081218260  ...                12420                 -580               -4.46    12350    12750
1     اهرم  صندوق س سهامي كاريزما- اهرمي  14521  134327686  2854168929260  ...                21250                 -480               -2.21    20930    21720
2      شهر                 گروه مالي شهر   7979  190261194   389101956859  ...                 2045                   62                3.13     2004     2079
3  تسه1402    امتيازتسهيلات مسكن سال1402   7941     471900   567925482091  ...              1203487                28432                2.42  1176001  1214000
4       دي                       بانك دي   7858  547934313   575842148896  ...                 1051                  -17               -1.59     1036     1080

[5 rows x 15 columns]
2024-01-16 18:53:10,226 - INFO - Top 10 symbols based on 'ارزش' saved to: data\top-symbols-values-value-1402-10-03.csv
2024-01-16 18:53:10,249 - INFO - First few rows of the DataFrame:
      نماد                           نام  تعداد        حجم           ارزش  ...  قیمت پایانی - مقدار  قیمت پایانی - تغییر  قیمت پایانی - درصد   کمترین  بیشترین
0   كروميت   توسعه معادن كروميت كاوندگان  21804   48162726   598081218260  ...                12420                 -580               -4.46    12350    12750
1     اهرم  صندوق س سهامي كاريزما- اهرمي  14521  134327686  2854168929260  ...                21250                 -480               -2.21    20930    21720
2      شهر                 گروه مالي شهر   7979  190261194   389101956859  ...                 2045                   62                3.13     2004     2079
3  تسه1402    امتيازتسهيلات مسكن سال1402   7941     471900   567925482091  ...              1203487                28432                2.42  1176001  1214000
4       دي                       بانك دي   7858  547934313   575842148896  ...                 1051                  -17               -1.59     1036     1080

[5 rows x 15 columns]
2024-01-16 18:53:10,253 - INFO - Top 10 symbols based on 'بیشترین' saved to: data\top-symbols-max-most-1402-10-03.csv
2024-01-16 18:53:10,274 - INFO - First few rows of the DataFrame:
      نماد                           نام  تعداد        حجم           ارزش  ...  قیمت پایانی - مقدار  قیمت پایانی - تغییر  قیمت پایانی - درصد   کمترین  بیشترین
0   كروميت   توسعه معادن كروميت كاوندگان  21804   48162726   598081218260  ...                12420                 -580               -4.46    12350    12750
1     اهرم  صندوق س سهامي كاريزما- اهرمي  14521  134327686  2854168929260  ...                21250                 -480               -2.21    20930    21720
2      شهر                 گروه مالي شهر   7979  190261194   389101956859  ...                 2045                   62                3.13     2004     2079
3  تسه1402    امتيازتسهيلات مسكن سال1402   7941     471900   567925482091  ...              1203487                28432                2.42  1176001  1214000
4       دي                       بانك دي   7858  547934313   575842148896  ...                 1051                  -17               -1.59     1036     1080

[5 rows x 15 columns]
2024-01-16 18:53:10,278 - INFO - Top 10 symbols based on 'تعداد' saved to: data\top-symbols-quantity-number-1402-10-03.csv
2024-01-16 18:53:10,298 - INFO - First few rows of the DataFrame:
       نماد                            نام  تعداد        حجم           ارزش  ...  قیمت پایانی - مقدار  قیمت پایانی - تغییر  قیمت پایانی - درصد  کمترین  بیشترین
0        دي                        بانك دي  14751  964189010  1028467179861  ...                 1067                   16                1.52    1032     1082
1    كروميت    توسعه معادن كروميت كاوندگان  14138   36504104   459894836130  ...                12600                  180                1.45   11990    13000
2  دارا يكم  صندوق واسطه گري مالي يكم-سهام  13789   11932431  2176220110080  ...               182380                 3450                1.93  178000   184700
3      اهرم   صندوق س سهامي كاريزما- اهرمي  10733  126679067  2671165531840  ...                21090                 -160               -0.75   20800    21350
4     ثشاهد            سرمايه‌ گذاري‌ شاهد   8707   48930392   855291772450  ...                17480                 -660               -3.64   17000    18150

[5 rows x 15 columns]
2024-01-16 18:53:10,303 - INFO - Top 10 symbols based on 'ارزش' saved to: data\top-symbols-values-value-1402-10-04.csv
2024-01-16 18:53:10,322 - INFO - First few rows of the DataFrame:
       نماد                            نام  تعداد        حجم           ارزش  ...  قیمت پایانی - مقدار  قیمت پایانی - تغییر  قیمت پایانی - درصد  کمترین  بیشترین
0        دي                        بانك دي  14751  964189010  1028467179861  ...                 1067                   16                1.52    1032     1082
1    كروميت    توسعه معادن كروميت كاوندگان  14138   36504104   459894836130  ...                12600                  180                1.45   11990    13000
2  دارا يكم  صندوق واسطه گري مالي يكم-سهام  13789   11932431  2176220110080  ...               182380                 3450                1.93  178000   184700
3      اهرم   صندوق س سهامي كاريزما- اهرمي  10733  126679067  2671165531840  ...                21090                 -160               -0.75   20800    21350
4     ثشاهد            سرمايه‌ گذاري‌ شاهد   8707   48930392   855291772450  ...                17480                 -660               -3.64   17000    18150

[5 rows x 15 columns]
2024-01-16 18:53:10,330 - INFO - Top 10 symbols based on 'بیشترین' saved to: data\top-symbols-max-most-1402-10-04.csv
2024-01-16 18:53:10,348 - INFO - First few rows of the DataFrame:
       نماد                            نام  تعداد        حجم           ارزش  ...  قیمت پایانی - مقدار  قیمت پایانی - تغییر  قیمت پایانی - درصد  کمترین  بیشترین
0        دي                        بانك دي  14751  964189010  1028467179861  ...                 1067                   16                1.52    1032     1082
1    كروميت    توسعه معادن كروميت كاوندگان  14138   36504104   459894836130  ...                12600                  180                1.45   11990    13000
2  دارا يكم  صندوق واسطه گري مالي يكم-سهام  13789   11932431  2176220110080  ...               182380                 3450                1.93  178000   184700
3      اهرم   صندوق س سهامي كاريزما- اهرمي  10733  126679067  2671165531840  ...                21090                 -160               -0.75   20800    21350
4     ثشاهد            سرمايه‌ گذاري‌ شاهد   8707   48930392   855291772450  ...                17480                 -660               -3.64   17000    18150

[5 rows x 15 columns]
2024-01-16 18:53:10,352 - INFO - Top 10 symbols based on 'تعداد' saved to: data\top-symbols-quantity-number-1402-10-04.csv
2024-01-16 18:53:10,367 - INFO - First few rows of the DataFrame:
     نماد                            نام  تعداد        حجم           ارزش  ...  قیمت پایانی - مقدار  قیمت پایانی - تغییر  قیمت پایانی - درصد  کمترین  بیشترین
0   ثشاهد            سرمايه‌ گذاري‌ شاهد   8822   56141294   937681897490  ...                16700                 -780               -4.46   16380    17310
1  كروميت    توسعه معادن كروميت كاوندگان   8637   48878869   644954709330  ...                13190                  590                4.68   12860    13230
2    اهرم   صندوق س سهامي كاريزما- اهرمي   8142   99709575  2083806625290  ...                20900                 -190               -0.90   20740    21060
3   كرمان   س. توسعه و عمران استان كرمان   7945  309393122   424331252784  ...                 1371                  -14               -1.01    1316     1417
4   وساخت  سرمايه‌ گذاري‌ ساختمان‌ايران‌   7515  421415982   967189752206  ...                 2295                  127                5.86    2105     2319

[5 rows x 15 columns]
2024-01-16 18:53:10,372 - INFO - Top 10 symbols based on 'ارزش' saved to: data\top-symbols-values-value-1402-10-05.csv
2024-01-16 18:53:10,391 - INFO - First few rows of the DataFrame:
     نماد                            نام  تعداد        حجم           ارزش  ...  قیمت پایانی - مقدار  قیمت پایانی - تغییر  قیمت پایانی - درصد  کمترین  بیشترین
0   ثشاهد            سرمايه‌ گذاري‌ شاهد   8822   56141294   937681897490  ...                16700                 -780               -4.46   16380    17310
1  كروميت    توسعه معادن كروميت كاوندگان   8637   48878869   644954709330  ...                13190                  590                4.68   12860    13230
2    اهرم   صندوق س سهامي كاريزما- اهرمي   8142   99709575  2083806625290  ...                20900                 -190               -0.90   20740    21060
3   كرمان   س. توسعه و عمران استان كرمان   7945  309393122   424331252784  ...                 1371                  -14               -1.01    1316     1417
4   وساخت  سرمايه‌ گذاري‌ ساختمان‌ايران‌   7515  421415982   967189752206  ...                 2295                  127                5.86    2105     2319

[5 rows x 15 columns]
2024-01-16 18:53:10,395 - INFO - Top 10 symbols based on 'بیشترین' saved to: data\top-symbols-max-most-1402-10-05.csv
2024-01-16 18:53:10,412 - INFO - First few rows of the DataFrame:
     نماد                            نام  تعداد        حجم           ارزش  ...  قیمت پایانی - مقدار  قیمت پایانی - تغییر  قیمت پایانی - درصد  کمترین  بیشترین
0   ثشاهد            سرمايه‌ گذاري‌ شاهد   8822   56141294   937681897490  ...                16700                 -780               -4.46   16380    17310
1  كروميت    توسعه معادن كروميت كاوندگان   8637   48878869   644954709330  ...                13190                  590                4.68   12860    13230
2    اهرم   صندوق س سهامي كاريزما- اهرمي   8142   99709575  2083806625290  ...                20900                 -190               -0.90   20740    21060
3   كرمان   س. توسعه و عمران استان كرمان   7945  309393122   424331252784  ...                 1371                  -14               -1.01    1316     1417
4   وساخت  سرمايه‌ گذاري‌ ساختمان‌ايران‌   7515  421415982   967189752206  ...                 2295                  127                5.86    2105     2319

[5 rows x 15 columns]
2024-01-16 18:53:10,417 - INFO - Top 10 symbols based on 'تعداد' saved to: data\top-symbols-quantity-number-1402-10-05.csv
2024-01-16 18:53:10,436 - INFO - First few rows of the DataFrame:
      نماد                           نام    تعداد        حجم           ارزش  ...  قیمت پایانی - مقدار  قیمت پایانی - تغییر  قیمت پایانی - درصد  کمترین  بیشترین
0    داتام               گروه مالي داتام  1173751  999997297  1549995810350  ...                 1550                  550               55.00    1550     1550
1     فصبا           صبا فولاد خليج فارس    22475    3162822    20232081640  ...                 6490                  -20               -0.31    6370     6430
2  تكاردان           تامين سرمايه كاردان    13511    7357359    19303915729  ...                 2632                  -24               -0.90    2603     2651
3     اهرم  صندوق س سهامي كاريزما- اهرمي    13115  167053757  3525442259750  ...                21100                  200                0.96   20800    21340
4   كروميت   توسعه معادن كروميت كاوندگان    13087   26868374   368563036110  ...                13720                  530                4.02   13190    13840

[5 rows x 15 columns]
2024-01-16 18:53:10,441 - INFO - Top 10 symbols based on 'ارزش' saved to: data\top-symbols-values-value-1402-10-06.csv
2024-01-16 18:53:10,462 - INFO - First few rows of the DataFrame:
      نماد                           نام    تعداد        حجم           ارزش  ...  قیمت پایانی - مقدار  قیمت پایانی - تغییر  قیمت پایانی - درصد  کمترین  بیشترین
0    داتام               گروه مالي داتام  1173751  999997297  1549995810350  ...                 1550                  550               55.00    1550     1550
1     فصبا           صبا فولاد خليج فارس    22475    3162822    20232081640  ...                 6490                  -20               -0.31    6370     6430
2  تكاردان           تامين سرمايه كاردان    13511    7357359    19303915729  ...                 2632                  -24               -0.90    2603     2651
3     اهرم  صندوق س سهامي كاريزما- اهرمي    13115  167053757  3525442259750  ...                21100                  200                0.96   20800    21340
4   كروميت   توسعه معادن كروميت كاوندگان    13087   26868374   368563036110  ...                13720                  530                4.02   13190    13840

[5 rows x 15 columns]
2024-01-16 18:53:10,466 - INFO - Top 10 symbols based on 'بیشترین' saved to: data\top-symbols-max-most-1402-10-06.csv
2024-01-16 18:53:10,486 - INFO - First few rows of the DataFrame:
      نماد                           نام    تعداد        حجم           ارزش  ...  قیمت پایانی - مقدار  قیمت پایانی - تغییر  قیمت پایانی - درصد  کمترین  بیشترین
0    داتام               گروه مالي داتام  1173751  999997297  1549995810350  ...                 1550                  550               55.00    1550     1550
1     فصبا           صبا فولاد خليج فارس    22475    3162822    20232081640  ...                 6490                  -20               -0.31    6370     6430
2  تكاردان           تامين سرمايه كاردان    13511    7357359    19303915729  ...                 2632                  -24               -0.90    2603     2651
3     اهرم  صندوق س سهامي كاريزما- اهرمي    13115  167053757  3525442259750  ...                21100                  200                0.96   20800    21340
4   كروميت   توسعه معادن كروميت كاوندگان    13087   26868374   368563036110  ...                13720                  530                4.02   13190    13840

[5 rows x 15 columns]
2024-01-16 18:53:10,491 - INFO - Top 10 symbols based on 'تعداد' saved to: data\top-symbols-quantity-number-1402-10-06.csv
2024-01-16 18:53:10,509 - INFO - First few rows of the DataFrame:
       نماد                             نام  تعداد        حجم           ارزش  ...  قیمت پایانی - مقدار  قیمت پایانی - تغییر  قیمت پایانی - درصد  کمترین  بیشترین
0      اهرم    صندوق س سهامي كاريزما- اهرمي  13886  169217134  3619838332400  ...                21390                  290                1.37   21080    21810
1     ياقوت         صندوق س ياقوت آگاه-ثابت  11434  261132199  5521695017303  ...                21145                   28                0.13   21145    21147
2     حفارس  حمل و نقل بين المللي خليج فارس  10251  715665409  1437830199036  ...                 2009                   94                4.91    1990     2010
3  دارا يكم   صندوق واسطه گري مالي يكم-سهام  10116    8272462  1515934757670  ...               183250                 4490                2.51  181720   184890
4     ثشاهد             سرمايه‌ گذاري‌ شاهد   9774   68284768  1211143431780  ...                17740                  910                5.41   16990    18000

[5 rows x 15 columns]
2024-01-16 18:53:10,513 - INFO - Top 10 symbols based on 'ارزش' saved to: data\top-symbols-values-value-1402-10-09.csv
2024-01-16 18:53:10,535 - INFO - First few rows of the DataFrame:
       نماد                             نام  تعداد        حجم           ارزش  ...  قیمت پایانی - مقدار  قیمت پایانی - تغییر  قیمت پایانی - درصد  کمترین  بیشترین
0      اهرم    صندوق س سهامي كاريزما- اهرمي  13886  169217134  3619838332400  ...                21390                  290                1.37   21080    21810
1     ياقوت         صندوق س ياقوت آگاه-ثابت  11434  261132199  5521695017303  ...                21145                   28                0.13   21145    21147
2     حفارس  حمل و نقل بين المللي خليج فارس  10251  715665409  1437830199036  ...                 2009                   94                4.91    1990     2010
3  دارا يكم   صندوق واسطه گري مالي يكم-سهام  10116    8272462  1515934757670  ...               183250                 4490                2.51  181720   184890
4     ثشاهد             سرمايه‌ گذاري‌ شاهد   9774   68284768  1211143431780  ...                17740                  910                5.41   16990    18000

[5 rows x 15 columns]
2024-01-16 18:53:10,540 - INFO - Top 10 symbols based on 'بیشترین' saved to: data\top-symbols-max-most-1402-10-09.csv
2024-01-16 18:53:10,562 - INFO - First few rows of the DataFrame:
       نماد                             نام  تعداد        حجم           ارزش  ...  قیمت پایانی - مقدار  قیمت پایانی - تغییر  قیمت پایانی - درصد  کمترین  بیشترین
0      اهرم    صندوق س سهامي كاريزما- اهرمي  13886  169217134  3619838332400  ...                21390                  290                1.37   21080    21810
1     ياقوت         صندوق س ياقوت آگاه-ثابت  11434  261132199  5521695017303  ...                21145                   28                0.13   21145    21147
2     حفارس  حمل و نقل بين المللي خليج فارس  10251  715665409  1437830199036  ...                 2009                   94                4.91    1990     2010
3  دارا يكم   صندوق واسطه گري مالي يكم-سهام  10116    8272462  1515934757670  ...               183250                 4490                2.51  181720   184890
4     ثشاهد             سرمايه‌ گذاري‌ شاهد   9774   68284768  1211143431780  ...                17740                  910                5.41   16990    18000

[5 rows x 15 columns]
2024-01-16 18:53:10,567 - INFO - Top 10 symbols based on 'تعداد' saved to: data\top-symbols-quantity-number-1402-10-09.csv
2024-01-16 18:53:10,587 - INFO - First few rows of the DataFrame:
       نماد                             نام  تعداد        حجم           ارزش  ...  قیمت پایانی - مقدار  قیمت پایانی - تغییر  قیمت پایانی - درصد  کمترین  بیشترین
0     شگستر  گسترش سوخت سبززاگرس(سهامي عام)  10691  786472472  1270094019499  ...                 1615                  615               61.50    1570     1648
1  ضخود1122   اختيارخ خودرو-3000-1402/11/11   7168    2250449   195021957000  ...                   87                  -16              -15.53      73      105
2      اهرم    صندوق س سهامي كاريزما- اهرمي   6976   90621952  1913855377180  ...                21120                 -270               -1.26   21000    21280
3     ياقوت         صندوق س ياقوت آگاه-ثابت   6945  166166052  3515977416255  ...                21159                   14                0.07   21159    21161
4  دارا يكم   صندوق واسطه گري مالي يكم-سهام   6414    5985758  1092221089030  ...               182470                 -780               -0.43  181520   183560

[5 rows x 15 columns]
2024-01-16 18:53:10,593 - INFO - Top 10 symbols based on 'ارزش' saved to: data\top-symbols-values-value-1402-10-10.csv
2024-01-16 18:53:10,615 - INFO - First few rows of the DataFrame:
       نماد                             نام  تعداد        حجم           ارزش  ...  قیمت پایانی - مقدار  قیمت پایانی - تغییر  قیمت پایانی - درصد  کمترین  بیشترین
0     شگستر  گسترش سوخت سبززاگرس(سهامي عام)  10691  786472472  1270094019499  ...                 1615                  615               61.50    1570     1648
1  ضخود1122   اختيارخ خودرو-3000-1402/11/11   7168    2250449   195021957000  ...                   87                  -16              -15.53      73      105
2      اهرم    صندوق س سهامي كاريزما- اهرمي   6976   90621952  1913855377180  ...                21120                 -270               -1.26   21000    21280
3     ياقوت         صندوق س ياقوت آگاه-ثابت   6945  166166052  3515977416255  ...                21159                   14                0.07   21159    21161
4  دارا يكم   صندوق واسطه گري مالي يكم-سهام   6414    5985758  1092221089030  ...               182470                 -780               -0.43  181520   183560

[5 rows x 15 columns]
2024-01-16 18:53:10,619 - INFO - Top 10 symbols based on 'بیشترین' saved to: data\top-symbols-max-most-1402-10-10.csv
2024-01-16 18:53:10,641 - INFO - First few rows of the DataFrame:
       نماد                             نام  تعداد        حجم           ارزش  ...  قیمت پایانی - مقدار  قیمت پایانی - تغییر  قیمت پایانی - درصد  کمترین  بیشترین
0     شگستر  گسترش سوخت سبززاگرس(سهامي عام)  10691  786472472  1270094019499  ...                 1615                  615               61.50    1570     1648
1  ضخود1122   اختيارخ خودرو-3000-1402/11/11   7168    2250449   195021957000  ...                   87                  -16              -15.53      73      105
2      اهرم    صندوق س سهامي كاريزما- اهرمي   6976   90621952  1913855377180  ...                21120                 -270               -1.26   21000    21280
3     ياقوت         صندوق س ياقوت آگاه-ثابت   6945  166166052  3515977416255  ...                21159                   14                0.07   21159    21161
4  دارا يكم   صندوق واسطه گري مالي يكم-سهام   6414    5985758  1092221089030  ...               182470                 -780               -0.43  181520   183560

[5 rows x 15 columns]
2024-01-16 18:53:10,648 - INFO - Top 10 symbols based on 'تعداد' saved to: data\top-symbols-quantity-number-1402-10-10.csv
